0 info it worked if it ends with ok
1 verbose cli [ 'C:\\Program Files\\nodejs\\node.exe',
1 verbose cli   'C:\\Program Files\\nodejs\\node_modules\\npm\\bin\\npm-cli.js',
1 verbose cli   'run',
1 verbose cli   'run-all' ]
2 info using npm@3.10.10
3 info using node@v6.10.3
4 verbose run-script [ 'prerun-all', 'run-all', 'postrun-all' ]
5 info lifecycle node_boilerplate@1.0.0~prerun-all: node_boilerplate@1.0.0
6 silly lifecycle node_boilerplate@1.0.0~prerun-all: no script for prerun-all, continuing
7 info lifecycle node_boilerplate@1.0.0~run-all: node_boilerplate@1.0.0
8 verbose lifecycle node_boilerplate@1.0.0~run-all: unsafe-perm in lifecycle true
9 verbose lifecycle node_boilerplate@1.0.0~run-all: PATH: C:\Program Files\nodejs\node_modules\npm\bin\node-gyp-bin;C:\Users\Mariano\web\testGmail\node_modules\.bin;C:\Program Files (x86)\NVIDIA Corporation\PhysX\Common;C:\ProgramData\Oracle\Java\javapath;C:\WINDOWS\system32;C:\WINDOWS;C:\WINDOWS\System32\Wbem;C:\WINDOWS\System32\WindowsPowerShell\v1.0\;C:\Program Files (x86)\Git\cmd;C:\Program Files (x86)\WinSCP\; C:\xampp\php\;C:\Program Files (x86)\Brackets\command;C:\Program Files (x86)\Skype\Phone\;C:\Program Files\nodejs\;C:\Program Files\MongoDB\Server\3.4\bin;C:\Program Files (x86)\Yarn\bin;C:\Program Files (x86)\Microsoft VS Code\bin;C:\Users\Mariano\AppData\Roaming\npm;C:\Program Files\MongoDB\Server\3.4\bin;C:\Users\Mariano\AppData\Local\Yarn\bin;C:\Users\Mariano\AppData\Local\Microsoft\WindowsApps;
10 verbose lifecycle node_boilerplate@1.0.0~run-all: CWD: C:\Users\Mariano\web\testGmail
11 silly lifecycle node_boilerplate@1.0.0~run-all: Args: [ '/d /s /c', 'run-p serve build-ui start' ]
12 verbose stack Error: kill ENOSYS
12 verbose stack     at exports._errnoException (util.js:1018:11)
12 verbose stack     at process.kill (internal/process.js:190:13)
12 verbose stack     at process.listener (C:\Program Files\nodejs\node_modules\npm\node_modules\npmlog\node_modules\gauge\node_modules\signal-exit\index.js:86:15)
12 verbose stack     at emitNone (events.js:91:20)
12 verbose stack     at process.emit (events.js:185:7)
12 verbose stack     at processEmit (C:\Program Files\nodejs\node_modules\npm\node_modules\npmlog\node_modules\gauge\node_modules\signal-exit\index.js:146:32)
12 verbose stack     at processEmit (C:\Program Files\nodejs\node_modules\npm\node_modules\npm-registry-client\node_modules\npmlog\node_modules\gauge\node_modules\signal-exit\index.js:146:32)
12 verbose stack     at Signal.wrap.onsignal (internal/process.js:217:44)
13 verbose cwd C:\Users\Mariano\web\testGmail
14 error Windows_NT 10.0.15063
15 error argv "C:\\Program Files\\nodejs\\node.exe" "C:\\Program Files\\nodejs\\node_modules\\npm\\bin\\npm-cli.js" "run" "run-all"
16 error node v6.10.3
17 error npm  v3.10.10
18 error code ENOSYS
19 error errno ENOSYS
20 error syscall kill
21 error kill ENOSYS
22 error If you need help, you may report this error at:
22 error     <https://github.com/npm/npm/issues>
23 verbose exit [ 1, true ]
